Terminals unused in grammar

   T_CASE
   T_OTHERWISE
   T_LENGTH
   T_EOF


Grammar

    0 $accept: program $end

    1 $@1: %empty

    2 $@2: %empty

    3 program: header declarations subprograms $@1 comp_statement $@2 T_DOT

    4 header: T_PROGRAM T_ID T_SEMI

    5 $@3: %empty

    6 header: T_PROGRAM T_ID $@3 error

    7 declarations: constdefs typedefs vardefs

    8 constdefs: T_CONST constant_defs T_SEMI
    9          | T_CONST constant_defs error
   10          | %empty

   11 $@4: %empty

   12 constant_defs: constant_defs T_SEMI T_ID $@4 T_EQU expression

   13 $@5: %empty

   14 $@6: %empty

   15 constant_defs: constant_defs error $@5 T_ID $@6 T_EQU expression

   16 $@7: %empty

   17 constant_defs: T_ID $@7 T_EQU expression

   18 expression: expression T_RELOP expression1
   19           | expression T_EQU expression1
   20           | expression1

   21 expression1: expression1 T_ADDOP expression2
   22            | expression1 T_OROP expression2
   23            | expression2

   24 expression2: expression2 T_MULDIVANDOP expression3
   25            | expression3

   26 expression3: T_ADDOP expression
   27            | T_NOTOP expression
   28            | variable

   29 $@8: %empty

   30 expression3: T_ID $@8 T_LPAREN expressions T_RPAREN
   31            | constant
   32            | T_LPAREN expression T_RPAREN

   33 variable: T_ID
   34         | variable T_LBRACK expressions T_RBRACK

   35 expressions: expressions T_COMMA expression
   36            | expression

   37 constant: T_ICONST
   38         | T_RCONST
   39         | T_BCONST
   40         | T_CCONST
   41         | T_SCONST

   42 typedefs: T_TYPE type_defs T_SEMI
   43         | T_TYPE type_defs error
   44         | %empty

   45 $@9: %empty

   46 type_defs: type_defs T_SEMI T_ID $@9 T_EQU type_def

   47 $@10: %empty

   48 $@11: %empty

   49 type_defs: type_defs error $@10 T_ID $@11 T_EQU type_def

   50 $@12: %empty

   51 type_defs: T_ID $@12 T_EQU type_def

   52 type_def: T_ARRAY T_LBRACK dims T_RBRACK T_OF typename

   53 $@13: %empty

   54 type_def: T_ARRAY T_LBRACK dims error $@13 T_OF typename
   55         | T_LPAREN identifiers T_RPAREN
   56         | limit T_DOTDOT limit

   57 dims: dims T_COMMA limits
   58     | limits

   59 limits: limit T_DOTDOT limit
   60       | T_ID

   61 limit: T_ADDOP T_ICONST
   62      | T_ADDOP T_ID
   63      | T_ICONST
   64      | T_CCONST
   65      | T_BCONST
   66      | T_ID

   67 typename: standard_type
   68         | T_ID

   69 standard_type: T_INTEGER
   70              | T_REAL
   71              | T_BOOLEAN
   72              | T_CHAR
   73              | T_STRING

   74 vardefs: T_VAR variable_defs T_SEMI
   75        | T_VAR variable_defs error
   76        | %empty

   77 variable_defs: variable_defs T_SEMI identifiers T_COLON typename

   78 $@14: %empty

   79 variable_defs: variable_defs error $@14 identifiers T_COLON typename
   80              | identifiers T_COLON typename

   81 identifiers: identifiers T_COMMA T_ID
   82            | T_ID

   83 subprograms: subprograms subprogram T_SEMI
   84            | subprograms subprogram error
   85            | %empty

   86 subprogram: sub_header T_SEMI T_FORWARD
   87           | sub_header error T_FORWARD
   88           | sub_header T_SEMI declarations subprograms comp_statement
   89           | sub_header error declarations subprograms comp_statement

   90 $@15: %empty

   91 sub_header: T_FUNCTION T_ID $@15 formal_parameters T_COLON typename

   92 $@16: %empty

   93 sub_header: T_PROCEDURE T_ID $@16 formal_parameters
   94           | T_FUNCTION T_ID

   95 formal_parameters: T_LPAREN parameter_list T_RPAREN
   96                  | %empty

   97 parameter_list: parameter_list T_SEMI pass identifiers T_COLON typename

   98 $@17: %empty

   99 parameter_list: parameter_list error $@17 pass identifiers T_COLON typename
  100               | pass identifiers T_COLON typename

  101 pass: T_VAR
  102     | %empty

  103 comp_statement: T_BEGIN statements T_END

  104 statements: statements T_SEMI statement
  105           | statement

  106 statement: assignment
  107          | if_statement
  108          | while_statement
  109          | for_statement
  110          | subprogram_call
  111          | io_statement
  112          | comp_statement
  113          | %empty

  114 assignment: variable T_ASSIGN expression

  115 if_statement: T_IF expression T_THEN statement if_tail

  116 if_tail: T_ELSE statement
  117        | %empty

  118 while_statement: T_WHILE expression T_DO statement

  119 $@18: %empty

  120 for_statement: T_FOR T_ID $@18 T_ASSIGN iter_space T_DO statement

  121 iter_space: expression T_TO expression
  122           | expression T_DOWNTO expression

  123 subprogram_call: T_ID

  124 $@19: %empty

  125 subprogram_call: T_ID $@19 T_LPAREN expressions T_RPAREN

  126 io_statement: T_READ T_LPAREN read_list T_RPAREN
  127             | T_WRITE T_LPAREN write_list T_RPAREN
  128             | T_WRITE T_LPAREN error T_RPAREN

  129 read_list: read_list T_COMMA read_item
  130          | read_item

  131 read_item: variable

  132 write_list: write_list T_COMMA write_item
  133           | write_item

  134 write_item: expression


Terminals, with rules where they appear

$end (0) 0
error (256) 6 9 15 43 49 54 75 79 84 87 89 99 128
T_PROGRAM (258) 4 6
T_CONST (259) 8 9
T_TYPE (260) 42 43
T_ARRAY (261) 52 54
T_OF (262) 52 54
T_VAR (263) 74 75 101
T_FORWARD (264) 86 87
T_FUNCTION (265) 91 94
T_PROCEDURE (266) 93
T_INTEGER (267) 69
T_REAL (268) 70
T_BOOLEAN (269) 71
T_CHAR (270) 72
T_STRING (271) 73
T_BEGIN (272) 103
T_END (273) 103
T_IF (274) 115
T_THEN (275) 115
T_ELSE (276) 116
T_CASE (277)
T_OTHERWISE (278)
T_WHILE (279) 118
T_DO (280) 118 120
T_FOR (281) 120
T_DOWNTO (282) 122
T_TO (283) 121
T_READ (284) 126
T_WRITE (285) 127 128
T_LENGTH (286)
T_RELOP (287) 18
T_ADDOP (288) 21 26 61 62
T_OROP (289) 22
T_MULDIVANDOP (290) 24
T_NOTOP (291) 27
T_ID (292) 4 6 12 15 17 30 33 46 49 51 60 62 66 68 81 82 91 93 94 120
    123 125
T_ICONST (293) 37 61 63
T_RCONST (294) 38
T_BCONST (295) 39 65
T_CCONST (296) 40 64
T_SCONST (297) 41
T_LPAREN (298) 30 32 55 95 125 126 127 128
T_RPAREN (299) 30 32 55 95 125 126 127 128
T_SEMI (300) 4 8 12 42 46 74 77 83 86 88 97 104
T_DOT (301) 3
T_COMMA (302) 35 57 81 129 132
T_EQU (303) 12 15 17 19 46 49 51
T_COLON (304) 77 79 80 91 97 99 100
T_LBRACK (305) 34 52 54
T_RBRACK (306) 34 52
T_ASSIGN (307) 114 120
T_DOTDOT (308) 56 59
T_EOF (309)
IFX (310)
EXP1 (311)
EXP2 (312)
EXP3 (313)


Nonterminals, with rules where they appear

$accept (59)
    on left: 0
program (60)
    on left: 3, on right: 0
$@1 (61)
    on left: 1, on right: 3
$@2 (62)
    on left: 2, on right: 3
header (63)
    on left: 4 6, on right: 3
$@3 (64)
    on left: 5, on right: 6
declarations (65)
    on left: 7, on right: 3 88 89
constdefs (66)
    on left: 8 9 10, on right: 7
constant_defs (67)
    on left: 12 15 17, on right: 8 9 12 15
$@4 (68)
    on left: 11, on right: 12
$@5 (69)
    on left: 13, on right: 15
$@6 (70)
    on left: 14, on right: 15
$@7 (71)
    on left: 16, on right: 17
expression (72)
    on left: 18 19 20, on right: 12 15 17 18 19 26 27 32 35 36 114
    115 118 121 122 134
expression1 (73)
    on left: 21 22 23, on right: 18 19 20 21 22
expression2 (74)
    on left: 24 25, on right: 21 22 23 24
expression3 (75)
    on left: 26 27 28 30 31 32, on right: 24 25
$@8 (76)
    on left: 29, on right: 30
variable (77)
    on left: 33 34, on right: 28 34 114 131
expressions (78)
    on left: 35 36, on right: 30 34 35 125
constant (79)
    on left: 37 38 39 40 41, on right: 31
typedefs (80)
    on left: 42 43 44, on right: 7
type_defs (81)
    on left: 46 49 51, on right: 42 43 46 49
$@9 (82)
    on left: 45, on right: 46
$@10 (83)
    on left: 47, on right: 49
$@11 (84)
    on left: 48, on right: 49
$@12 (85)
    on left: 50, on right: 51
type_def (86)
    on left: 52 54 55 56, on right: 46 49 51
$@13 (87)
    on left: 53, on right: 54
dims (88)
    on left: 57 58, on right: 52 54 57
limits (89)
    on left: 59 60, on right: 57 58
limit (90)
    on left: 61 62 63 64 65 66, on right: 56 59
typename (91)
    on left: 67 68, on right: 52 54 77 79 80 91 97 99 100
standard_type (92)
    on left: 69 70 71 72 73, on right: 67
vardefs (93)
    on left: 74 75 76, on right: 7
variable_defs (94)
    on left: 77 79 80, on right: 74 75 77 79
$@14 (95)
    on left: 78, on right: 79
identifiers (96)
    on left: 81 82, on right: 55 77 79 80 81 97 99 100
subprograms (97)
    on left: 83 84 85, on right: 3 83 84 88 89
subprogram (98)
    on left: 86 87 88 89, on right: 83 84
sub_header (99)
    on left: 91 93 94, on right: 86 87 88 89
$@15 (100)
    on left: 90, on right: 91
$@16 (101)
    on left: 92, on right: 93
formal_parameters (102)
    on left: 95 96, on right: 91 93
parameter_list (103)
    on left: 97 99 100, on right: 95 97 99
$@17 (104)
    on left: 98, on right: 99
pass (105)
    on left: 101 102, on right: 97 99 100
comp_statement (106)
    on left: 103, on right: 3 88 89 112
statements (107)
    on left: 104 105, on right: 103 104
statement (108)
    on left: 106 107 108 109 110 111 112 113, on right: 104 105 115
    116 118 120
assignment (109)
    on left: 114, on right: 106
if_statement (110)
    on left: 115, on right: 107
if_tail (111)
    on left: 116 117, on right: 115
while_statement (112)
    on left: 118, on right: 108
for_statement (113)
    on left: 120, on right: 109
$@18 (114)
    on left: 119, on right: 120
iter_space (115)
    on left: 121 122, on right: 120
subprogram_call (116)
    on left: 123 125, on right: 110
$@19 (117)
    on left: 124, on right: 125
io_statement (118)
    on left: 126 127 128, on right: 111
read_list (119)
    on left: 129 130, on right: 126 129
read_item (120)
    on left: 131, on right: 129 130
write_list (121)
    on left: 132 133, on right: 127 132
write_item (122)
    on left: 134, on right: 132 133


State 0

    0 $accept: . program $end

    T_PROGRAM  shift, and go to state 1

    program  go to state 2
    header   go to state 3


State 1

    4 header: T_PROGRAM . T_ID T_SEMI
    6       | T_PROGRAM . T_ID $@3 error

    T_ID  shift, and go to state 4


State 2

    0 $accept: program . $end

    $end  shift, and go to state 5


State 3

    3 program: header . declarations subprograms $@1 comp_statement $@2 T_DOT

    T_CONST  shift, and go to state 6

    $default  reduce using rule 10 (constdefs)

    declarations  go to state 7
    constdefs     go to state 8


State 4

    4 header: T_PROGRAM T_ID . T_SEMI
    6       | T_PROGRAM T_ID . $@3 error

    T_SEMI  shift, and go to state 9

    $default  reduce using rule 5 ($@3)

    $@3  go to state 10


State 5

    0 $accept: program $end .

    $default  accept


State 6

    8 constdefs: T_CONST . constant_defs T_SEMI
    9          | T_CONST . constant_defs error

    T_ID  shift, and go to state 11

    constant_defs  go to state 12


State 7

    3 program: header declarations . subprograms $@1 comp_statement $@2 T_DOT

    $default  reduce using rule 85 (subprograms)

    subprograms  go to state 13


State 8

    7 declarations: constdefs . typedefs vardefs

    T_TYPE  shift, and go to state 14

    $default  reduce using rule 44 (typedefs)

    typedefs  go to state 15


State 9

    4 header: T_PROGRAM T_ID T_SEMI .

    $default  reduce using rule 4 (header)


State 10

    6 header: T_PROGRAM T_ID $@3 . error

    error  shift, and go to state 16


State 11

   17 constant_defs: T_ID . $@7 T_EQU expression

    $default  reduce using rule 16 ($@7)

    $@7  go to state 17


State 12

    8 constdefs: T_CONST constant_defs . T_SEMI
    9          | T_CONST constant_defs . error
   12 constant_defs: constant_defs . T_SEMI T_ID $@4 T_EQU expression
   15              | constant_defs . error $@5 T_ID $@6 T_EQU expression

    error   shift, and go to state 18
    T_SEMI  shift, and go to state 19


State 13

    3 program: header declarations subprograms . $@1 comp_statement $@2 T_DOT
   83 subprograms: subprograms . subprogram T_SEMI
   84            | subprograms . subprogram error

    T_FUNCTION   shift, and go to state 20
    T_PROCEDURE  shift, and go to state 21

    $default  reduce using rule 1 ($@1)

    $@1         go to state 22
    subprogram  go to state 23
    sub_header  go to state 24


State 14

   42 typedefs: T_TYPE . type_defs T_SEMI
   43         | T_TYPE . type_defs error

    T_ID  shift, and go to state 25

    type_defs  go to state 26


State 15

    7 declarations: constdefs typedefs . vardefs

    T_VAR  shift, and go to state 27

    $default  reduce using rule 76 (vardefs)

    vardefs  go to state 28


State 16

    6 header: T_PROGRAM T_ID $@3 error .

    $default  reduce using rule 6 (header)


State 17

   17 constant_defs: T_ID $@7 . T_EQU expression

    T_EQU  shift, and go to state 29


State 18

    9 constdefs: T_CONST constant_defs error .
   15 constant_defs: constant_defs error . $@5 T_ID $@6 T_EQU expression

    T_ID      reduce using rule 13 ($@5)
    $default  reduce using rule 9 (constdefs)

    $@5  go to state 30


State 19

    8 constdefs: T_CONST constant_defs T_SEMI .
   12 constant_defs: constant_defs T_SEMI . T_ID $@4 T_EQU expression

    T_ID  shift, and go to state 31

    $default  reduce using rule 8 (constdefs)


State 20

   91 sub_header: T_FUNCTION . T_ID $@15 formal_parameters T_COLON typename
   94           | T_FUNCTION . T_ID

    T_ID  shift, and go to state 32


State 21

   93 sub_header: T_PROCEDURE . T_ID $@16 formal_parameters

    T_ID  shift, and go to state 33


State 22

    3 program: header declarations subprograms $@1 . comp_statement $@2 T_DOT

    T_BEGIN  shift, and go to state 34

    comp_statement  go to state 35


State 23

   83 subprograms: subprograms subprogram . T_SEMI
   84            | subprograms subprogram . error

    error   shift, and go to state 36
    T_SEMI  shift, and go to state 37


State 24

   86 subprogram: sub_header . T_SEMI T_FORWARD
   87           | sub_header . error T_FORWARD
   88           | sub_header . T_SEMI declarations subprograms comp_statement
   89           | sub_header . error declarations subprograms comp_statement

    error   shift, and go to state 38
    T_SEMI  shift, and go to state 39


State 25

   51 type_defs: T_ID . $@12 T_EQU type_def

    $default  reduce using rule 50 ($@12)

    $@12  go to state 40


State 26

   42 typedefs: T_TYPE type_defs . T_SEMI
   43         | T_TYPE type_defs . error
   46 type_defs: type_defs . T_SEMI T_ID $@9 T_EQU type_def
   49          | type_defs . error $@10 T_ID $@11 T_EQU type_def

    error   shift, and go to state 41
    T_SEMI  shift, and go to state 42


State 27

   74 vardefs: T_VAR . variable_defs T_SEMI
   75        | T_VAR . variable_defs error

    T_ID  shift, and go to state 43

    variable_defs  go to state 44
    identifiers    go to state 45


State 28

    7 declarations: constdefs typedefs vardefs .

    $default  reduce using rule 7 (declarations)


State 29

   17 constant_defs: T_ID $@7 T_EQU . expression

    T_ADDOP   shift, and go to state 46
    T_NOTOP   shift, and go to state 47
    T_ID      shift, and go to state 48
    T_ICONST  shift, and go to state 49
    T_RCONST  shift, and go to state 50
    T_BCONST  shift, and go to state 51
    T_CCONST  shift, and go to state 52
    T_SCONST  shift, and go to state 53
    T_LPAREN  shift, and go to state 54

    expression   go to state 55
    expression1  go to state 56
    expression2  go to state 57
    expression3  go to state 58
    variable     go to state 59
    constant     go to state 60


State 30

   15 constant_defs: constant_defs error $@5 . T_ID $@6 T_EQU expression

    T_ID  shift, and go to state 61


State 31

   12 constant_defs: constant_defs T_SEMI T_ID . $@4 T_EQU expression

    $default  reduce using rule 11 ($@4)

    $@4  go to state 62


State 32

   91 sub_header: T_FUNCTION T_ID . $@15 formal_parameters T_COLON typename
   94           | T_FUNCTION T_ID .

    error     reduce using rule 94 (sub_header)
    T_SEMI    reduce using rule 94 (sub_header)
    $default  reduce using rule 90 ($@15)

    $@15  go to state 63


State 33

   93 sub_header: T_PROCEDURE T_ID . $@16 formal_parameters

    $default  reduce using rule 92 ($@16)

    $@16  go to state 64


State 34

  103 comp_statement: T_BEGIN . statements T_END

    T_BEGIN  shift, and go to state 34
    T_IF     shift, and go to state 65
    T_WHILE  shift, and go to state 66
    T_FOR    shift, and go to state 67
    T_READ   shift, and go to state 68
    T_WRITE  shift, and go to state 69
    T_ID     shift, and go to state 70

    $default  reduce using rule 113 (statement)

    variable         go to state 71
    comp_statement   go to state 72
    statements       go to state 73
    statement        go to state 74
    assignment       go to state 75
    if_statement     go to state 76
    while_statement  go to state 77
    for_statement    go to state 78
    subprogram_call  go to state 79
    io_statement     go to state 80


State 35

    3 program: header declarations subprograms $@1 comp_statement . $@2 T_DOT

    $default  reduce using rule 2 ($@2)

    $@2  go to state 81


State 36

   84 subprograms: subprograms subprogram error .

    $default  reduce using rule 84 (subprograms)


State 37

   83 subprograms: subprograms subprogram T_SEMI .

    $default  reduce using rule 83 (subprograms)


State 38

   87 subprogram: sub_header error . T_FORWARD
   89           | sub_header error . declarations subprograms comp_statement

    T_CONST    shift, and go to state 6
    T_FORWARD  shift, and go to state 82

    $default  reduce using rule 10 (constdefs)

    declarations  go to state 83
    constdefs     go to state 8


State 39

   86 subprogram: sub_header T_SEMI . T_FORWARD
   88           | sub_header T_SEMI . declarations subprograms comp_statement

    T_CONST    shift, and go to state 6
    T_FORWARD  shift, and go to state 84

    $default  reduce using rule 10 (constdefs)

    declarations  go to state 85
    constdefs     go to state 8


State 40

   51 type_defs: T_ID $@12 . T_EQU type_def

    T_EQU  shift, and go to state 86


State 41

   43 typedefs: T_TYPE type_defs error .
   49 type_defs: type_defs error . $@10 T_ID $@11 T_EQU type_def

    T_ID      reduce using rule 47 ($@10)
    $default  reduce using rule 43 (typedefs)

    $@10  go to state 87


State 42

   42 typedefs: T_TYPE type_defs T_SEMI .
   46 type_defs: type_defs T_SEMI . T_ID $@9 T_EQU type_def

    T_ID  shift, and go to state 88

    $default  reduce using rule 42 (typedefs)


State 43

   82 identifiers: T_ID .

    $default  reduce using rule 82 (identifiers)


State 44

   74 vardefs: T_VAR variable_defs . T_SEMI
   75        | T_VAR variable_defs . error
   77 variable_defs: variable_defs . T_SEMI identifiers T_COLON typename
   79              | variable_defs . error $@14 identifiers T_COLON typename

    error   shift, and go to state 89
    T_SEMI  shift, and go to state 90


State 45

   80 variable_defs: identifiers . T_COLON typename
   81 identifiers: identifiers . T_COMMA T_ID

    T_COMMA  shift, and go to state 91
    T_COLON  shift, and go to state 92


State 46

   26 expression3: T_ADDOP . expression

    T_ADDOP   shift, and go to state 46
    T_NOTOP   shift, and go to state 47
    T_ID      shift, and go to state 48
    T_ICONST  shift, and go to state 49
    T_RCONST  shift, and go to state 50
    T_BCONST  shift, and go to state 51
    T_CCONST  shift, and go to state 52
    T_SCONST  shift, and go to state 53
    T_LPAREN  shift, and go to state 54

    expression   go to state 93
    expression1  go to state 56
    expression2  go to state 57
    expression3  go to state 58
    variable     go to state 59
    constant     go to state 60


State 47

   27 expression3: T_NOTOP . expression

    T_ADDOP   shift, and go to state 46
    T_NOTOP   shift, and go to state 47
    T_ID      shift, and go to state 48
    T_ICONST  shift, and go to state 49
    T_RCONST  shift, and go to state 50
    T_BCONST  shift, and go to state 51
    T_CCONST  shift, and go to state 52
    T_SCONST  shift, and go to state 53
    T_LPAREN  shift, and go to state 54

    expression   go to state 94
    expression1  go to state 56
    expression2  go to state 57
    expression3  go to state 58
    variable     go to state 59
    constant     go to state 60


State 48

   30 expression3: T_ID . $@8 T_LPAREN expressions T_RPAREN
   33 variable: T_ID .

    T_LPAREN  reduce using rule 29 ($@8)
    $default  reduce using rule 33 (variable)

    $@8  go to state 95


State 49

   37 constant: T_ICONST .

    $default  reduce using rule 37 (constant)


State 50

   38 constant: T_RCONST .

    $default  reduce using rule 38 (constant)


State 51

   39 constant: T_BCONST .

    $default  reduce using rule 39 (constant)


State 52

   40 constant: T_CCONST .

    $default  reduce using rule 40 (constant)


State 53

   41 constant: T_SCONST .

    $default  reduce using rule 41 (constant)


State 54

   32 expression3: T_LPAREN . expression T_RPAREN

    T_ADDOP   shift, and go to state 46
    T_NOTOP   shift, and go to state 47
    T_ID      shift, and go to state 48
    T_ICONST  shift, and go to state 49
    T_RCONST  shift, and go to state 50
    T_BCONST  shift, and go to state 51
    T_CCONST  shift, and go to state 52
    T_SCONST  shift, and go to state 53
    T_LPAREN  shift, and go to state 54

    expression   go to state 96
    expression1  go to state 56
    expression2  go to state 57
    expression3  go to state 58
    variable     go to state 59
    constant     go to state 60


State 55

   17 constant_defs: T_ID $@7 T_EQU expression .
   18 expression: expression . T_RELOP expression1
   19           | expression . T_EQU expression1

    T_RELOP  shift, and go to state 97
    T_EQU    shift, and go to state 98

    $default  reduce using rule 17 (constant_defs)


State 56

   20 expression: expression1 .
   21 expression1: expression1 . T_ADDOP expression2
   22            | expression1 . T_OROP expression2

    T_ADDOP  shift, and go to state 99
    T_OROP   shift, and go to state 100

    $default  reduce using rule 20 (expression)


State 57

   23 expression1: expression2 .
   24 expression2: expression2 . T_MULDIVANDOP expression3

    T_MULDIVANDOP  shift, and go to state 101

    $default  reduce using rule 23 (expression1)


State 58

   25 expression2: expression3 .

    $default  reduce using rule 25 (expression2)


State 59

   28 expression3: variable .
   34 variable: variable . T_LBRACK expressions T_RBRACK

    T_LBRACK  shift, and go to state 102

    $default  reduce using rule 28 (expression3)


State 60

   31 expression3: constant .

    $default  reduce using rule 31 (expression3)


State 61

   15 constant_defs: constant_defs error $@5 T_ID . $@6 T_EQU expression

    $default  reduce using rule 14 ($@6)

    $@6  go to state 103


State 62

   12 constant_defs: constant_defs T_SEMI T_ID $@4 . T_EQU expression

    T_EQU  shift, and go to state 104


State 63

   91 sub_header: T_FUNCTION T_ID $@15 . formal_parameters T_COLON typename

    T_LPAREN  shift, and go to state 105

    $default  reduce using rule 96 (formal_parameters)

    formal_parameters  go to state 106


State 64

   93 sub_header: T_PROCEDURE T_ID $@16 . formal_parameters

    T_LPAREN  shift, and go to state 105

    $default  reduce using rule 96 (formal_parameters)

    formal_parameters  go to state 107


State 65

  115 if_statement: T_IF . expression T_THEN statement if_tail

    T_ADDOP   shift, and go to state 46
    T_NOTOP   shift, and go to state 47
    T_ID      shift, and go to state 48
    T_ICONST  shift, and go to state 49
    T_RCONST  shift, and go to state 50
    T_BCONST  shift, and go to state 51
    T_CCONST  shift, and go to state 52
    T_SCONST  shift, and go to state 53
    T_LPAREN  shift, and go to state 54

    expression   go to state 108
    expression1  go to state 56
    expression2  go to state 57
    expression3  go to state 58
    variable     go to state 59
    constant     go to state 60


State 66

  118 while_statement: T_WHILE . expression T_DO statement

    T_ADDOP   shift, and go to state 46
    T_NOTOP   shift, and go to state 47
    T_ID      shift, and go to state 48
    T_ICONST  shift, and go to state 49
    T_RCONST  shift, and go to state 50
    T_BCONST  shift, and go to state 51
    T_CCONST  shift, and go to state 52
    T_SCONST  shift, and go to state 53
    T_LPAREN  shift, and go to state 54

    expression   go to state 109
    expression1  go to state 56
    expression2  go to state 57
    expression3  go to state 58
    variable     go to state 59
    constant     go to state 60


State 67

  120 for_statement: T_FOR . T_ID $@18 T_ASSIGN iter_space T_DO statement

    T_ID  shift, and go to state 110


State 68

  126 io_statement: T_READ . T_LPAREN read_list T_RPAREN

    T_LPAREN  shift, and go to state 111


State 69

  127 io_statement: T_WRITE . T_LPAREN write_list T_RPAREN
  128             | T_WRITE . T_LPAREN error T_RPAREN

    T_LPAREN  shift, and go to state 112


State 70

   33 variable: T_ID .
  123 subprogram_call: T_ID .
  125                | T_ID . $@19 T_LPAREN expressions T_RPAREN

    T_LPAREN  reduce using rule 124 ($@19)
    T_LBRACK  reduce using rule 33 (variable)
    T_ASSIGN  reduce using rule 33 (variable)
    $default  reduce using rule 123 (subprogram_call)

    $@19  go to state 113


State 71

   34 variable: variable . T_LBRACK expressions T_RBRACK
  114 assignment: variable . T_ASSIGN expression

    T_LBRACK  shift, and go to state 102
    T_ASSIGN  shift, and go to state 114


State 72

  112 statement: comp_statement .

    $default  reduce using rule 112 (statement)


State 73

  103 comp_statement: T_BEGIN statements . T_END
  104 statements: statements . T_SEMI statement

    T_END   shift, and go to state 115
    T_SEMI  shift, and go to state 116


State 74

  105 statements: statement .

    $default  reduce using rule 105 (statements)


State 75

  106 statement: assignment .

    $default  reduce using rule 106 (statement)


State 76

  107 statement: if_statement .

    $default  reduce using rule 107 (statement)


State 77

  108 statement: while_statement .

    $default  reduce using rule 108 (statement)


State 78

  109 statement: for_statement .

    $default  reduce using rule 109 (statement)


State 79

  110 statement: subprogram_call .

    $default  reduce using rule 110 (statement)


State 80

  111 statement: io_statement .

    $default  reduce using rule 111 (statement)


State 81

    3 program: header declarations subprograms $@1 comp_statement $@2 . T_DOT

    T_DOT  shift, and go to state 117


State 82

   87 subprogram: sub_header error T_FORWARD .

    $default  reduce using rule 87 (subprogram)


State 83

   89 subprogram: sub_header error declarations . subprograms comp_statement

    $default  reduce using rule 85 (subprograms)

    subprograms  go to state 118


State 84

   86 subprogram: sub_header T_SEMI T_FORWARD .

    $default  reduce using rule 86 (subprogram)


State 85

   88 subprogram: sub_header T_SEMI declarations . subprograms comp_statement

    $default  reduce using rule 85 (subprograms)

    subprograms  go to state 119


State 86

   51 type_defs: T_ID $@12 T_EQU . type_def

    T_ARRAY   shift, and go to state 120
    T_ADDOP   shift, and go to state 121
    T_ID      shift, and go to state 122
    T_ICONST  shift, and go to state 123
    T_BCONST  shift, and go to state 124
    T_CCONST  shift, and go to state 125
    T_LPAREN  shift, and go to state 126

    type_def  go to state 127
    limit     go to state 128


State 87

   49 type_defs: type_defs error $@10 . T_ID $@11 T_EQU type_def

    T_ID  shift, and go to state 129


State 88

   46 type_defs: type_defs T_SEMI T_ID . $@9 T_EQU type_def

    $default  reduce using rule 45 ($@9)

    $@9  go to state 130


State 89

   75 vardefs: T_VAR variable_defs error .
   79 variable_defs: variable_defs error . $@14 identifiers T_COLON typename

    T_ID      reduce using rule 78 ($@14)
    $default  reduce using rule 75 (vardefs)

    $@14  go to state 131


State 90

   74 vardefs: T_VAR variable_defs T_SEMI .
   77 variable_defs: variable_defs T_SEMI . identifiers T_COLON typename

    T_ID  shift, and go to state 43

    $default  reduce using rule 74 (vardefs)

    identifiers  go to state 132


State 91

   81 identifiers: identifiers T_COMMA . T_ID

    T_ID  shift, and go to state 133


State 92

   80 variable_defs: identifiers T_COLON . typename

    T_INTEGER  shift, and go to state 134
    T_REAL     shift, and go to state 135
    T_BOOLEAN  shift, and go to state 136
    T_CHAR     shift, and go to state 137
    T_STRING   shift, and go to state 138
    T_ID       shift, and go to state 139

    typename       go to state 140
    standard_type  go to state 141


State 93

   18 expression: expression . T_RELOP expression1
   19           | expression . T_EQU expression1
   26 expression3: T_ADDOP expression .

    T_RELOP  shift, and go to state 97
    T_EQU    shift, and go to state 98

    $default  reduce using rule 26 (expression3)


State 94

   18 expression: expression . T_RELOP expression1
   19           | expression . T_EQU expression1
   27 expression3: T_NOTOP expression .

    T_RELOP  shift, and go to state 97
    T_EQU    shift, and go to state 98

    $default  reduce using rule 27 (expression3)


State 95

   30 expression3: T_ID $@8 . T_LPAREN expressions T_RPAREN

    T_LPAREN  shift, and go to state 142


State 96

   18 expression: expression . T_RELOP expression1
   19           | expression . T_EQU expression1
   32 expression3: T_LPAREN expression . T_RPAREN

    T_RELOP   shift, and go to state 97
    T_RPAREN  shift, and go to state 143
    T_EQU     shift, and go to state 98


State 97

   18 expression: expression T_RELOP . expression1

    T_ADDOP   shift, and go to state 46
    T_NOTOP   shift, and go to state 47
    T_ID      shift, and go to state 48
    T_ICONST  shift, and go to state 49
    T_RCONST  shift, and go to state 50
    T_BCONST  shift, and go to state 51
    T_CCONST  shift, and go to state 52
    T_SCONST  shift, and go to state 53
    T_LPAREN  shift, and go to state 54

    expression1  go to state 144
    expression2  go to state 57
    expression3  go to state 58
    variable     go to state 59
    constant     go to state 60


State 98

   19 expression: expression T_EQU . expression1

    T_ADDOP   shift, and go to state 46
    T_NOTOP   shift, and go to state 47
    T_ID      shift, and go to state 48
    T_ICONST  shift, and go to state 49
    T_RCONST  shift, and go to state 50
    T_BCONST  shift, and go to state 51
    T_CCONST  shift, and go to state 52
    T_SCONST  shift, and go to state 53
    T_LPAREN  shift, and go to state 54

    expression1  go to state 145
    expression2  go to state 57
    expression3  go to state 58
    variable     go to state 59
    constant     go to state 60


State 99

   21 expression1: expression1 T_ADDOP . expression2

    T_ADDOP   shift, and go to state 46
    T_NOTOP   shift, and go to state 47
    T_ID      shift, and go to state 48
    T_ICONST  shift, and go to state 49
    T_RCONST  shift, and go to state 50
    T_BCONST  shift, and go to state 51
    T_CCONST  shift, and go to state 52
    T_SCONST  shift, and go to state 53
    T_LPAREN  shift, and go to state 54

    expression2  go to state 146
    expression3  go to state 58
    variable     go to state 59
    constant     go to state 60


State 100

   22 expression1: expression1 T_OROP . expression2

    T_ADDOP   shift, and go to state 46
    T_NOTOP   shift, and go to state 47
    T_ID      shift, and go to state 48
    T_ICONST  shift, and go to state 49
    T_RCONST  shift, and go to state 50
    T_BCONST  shift, and go to state 51
    T_CCONST  shift, and go to state 52
    T_SCONST  shift, and go to state 53
    T_LPAREN  shift, and go to state 54

    expression2  go to state 147
    expression3  go to state 58
    variable     go to state 59
    constant     go to state 60


State 101

   24 expression2: expression2 T_MULDIVANDOP . expression3

    T_ADDOP   shift, and go to state 46
    T_NOTOP   shift, and go to state 47
    T_ID      shift, and go to state 48
    T_ICONST  shift, and go to state 49
    T_RCONST  shift, and go to state 50
    T_BCONST  shift, and go to state 51
    T_CCONST  shift, and go to state 52
    T_SCONST  shift, and go to state 53
    T_LPAREN  shift, and go to state 54

    expression3  go to state 148
    variable     go to state 59
    constant     go to state 60


State 102

   34 variable: variable T_LBRACK . expressions T_RBRACK

    T_ADDOP   shift, and go to state 46
    T_NOTOP   shift, and go to state 47
    T_ID      shift, and go to state 48
    T_ICONST  shift, and go to state 49
    T_RCONST  shift, and go to state 50
    T_BCONST  shift, and go to state 51
    T_CCONST  shift, and go to state 52
    T_SCONST  shift, and go to state 53
    T_LPAREN  shift, and go to state 54

    expression   go to state 149
    expression1  go to state 56
    expression2  go to state 57
    expression3  go to state 58
    variable     go to state 59
    expressions  go to state 150
    constant     go to state 60


State 103

   15 constant_defs: constant_defs error $@5 T_ID $@6 . T_EQU expression

    T_EQU  shift, and go to state 151


State 104

   12 constant_defs: constant_defs T_SEMI T_ID $@4 T_EQU . expression

    T_ADDOP   shift, and go to state 46
    T_NOTOP   shift, and go to state 47
    T_ID      shift, and go to state 48
    T_ICONST  shift, and go to state 49
    T_RCONST  shift, and go to state 50
    T_BCONST  shift, and go to state 51
    T_CCONST  shift, and go to state 52
    T_SCONST  shift, and go to state 53
    T_LPAREN  shift, and go to state 54

    expression   go to state 152
    expression1  go to state 56
    expression2  go to state 57
    expression3  go to state 58
    variable     go to state 59
    constant     go to state 60


State 105

   95 formal_parameters: T_LPAREN . parameter_list T_RPAREN

    T_VAR  shift, and go to state 153

    $default  reduce using rule 102 (pass)

    parameter_list  go to state 154
    pass            go to state 155


State 106

   91 sub_header: T_FUNCTION T_ID $@15 formal_parameters . T_COLON typename

    T_COLON  shift, and go to state 156


State 107

   93 sub_header: T_PROCEDURE T_ID $@16 formal_parameters .

    $default  reduce using rule 93 (sub_header)


State 108

   18 expression: expression . T_RELOP expression1
   19           | expression . T_EQU expression1
  115 if_statement: T_IF expression . T_THEN statement if_tail

    T_THEN   shift, and go to state 157
    T_RELOP  shift, and go to state 97
    T_EQU    shift, and go to state 98


State 109

   18 expression: expression . T_RELOP expression1
   19           | expression . T_EQU expression1
  118 while_statement: T_WHILE expression . T_DO statement

    T_DO     shift, and go to state 158
    T_RELOP  shift, and go to state 97
    T_EQU    shift, and go to state 98


State 110

  120 for_statement: T_FOR T_ID . $@18 T_ASSIGN iter_space T_DO statement

    $default  reduce using rule 119 ($@18)

    $@18  go to state 159


State 111

  126 io_statement: T_READ T_LPAREN . read_list T_RPAREN

    T_ID  shift, and go to state 160

    variable   go to state 161
    read_list  go to state 162
    read_item  go to state 163


State 112

  127 io_statement: T_WRITE T_LPAREN . write_list T_RPAREN
  128             | T_WRITE T_LPAREN . error T_RPAREN

    error     shift, and go to state 164
    T_ADDOP   shift, and go to state 46
    T_NOTOP   shift, and go to state 47
    T_ID      shift, and go to state 48
    T_ICONST  shift, and go to state 49
    T_RCONST  shift, and go to state 50
    T_BCONST  shift, and go to state 51
    T_CCONST  shift, and go to state 52
    T_SCONST  shift, and go to state 53
    T_LPAREN  shift, and go to state 54

    expression   go to state 165
    expression1  go to state 56
    expression2  go to state 57
    expression3  go to state 58
    variable     go to state 59
    constant     go to state 60
    write_list   go to state 166
    write_item   go to state 167


State 113

  125 subprogram_call: T_ID $@19 . T_LPAREN expressions T_RPAREN

    T_LPAREN  shift, and go to state 168


State 114

  114 assignment: variable T_ASSIGN . expression

    T_ADDOP   shift, and go to state 46
    T_NOTOP   shift, and go to state 47
    T_ID      shift, and go to state 48
    T_ICONST  shift, and go to state 49
    T_RCONST  shift, and go to state 50
    T_BCONST  shift, and go to state 51
    T_CCONST  shift, and go to state 52
    T_SCONST  shift, and go to state 53
    T_LPAREN  shift, and go to state 54

    expression   go to state 169
    expression1  go to state 56
    expression2  go to state 57
    expression3  go to state 58
    variable     go to state 59
    constant     go to state 60


State 115

  103 comp_statement: T_BEGIN statements T_END .

    $default  reduce using rule 103 (comp_statement)


State 116

  104 statements: statements T_SEMI . statement

    T_BEGIN  shift, and go to state 34
    T_IF     shift, and go to state 65
    T_WHILE  shift, and go to state 66
    T_FOR    shift, and go to state 67
    T_READ   shift, and go to state 68
    T_WRITE  shift, and go to state 69
    T_ID     shift, and go to state 70

    $default  reduce using rule 113 (statement)

    variable         go to state 71
    comp_statement   go to state 72
    statement        go to state 170
    assignment       go to state 75
    if_statement     go to state 76
    while_statement  go to state 77
    for_statement    go to state 78
    subprogram_call  go to state 79
    io_statement     go to state 80


State 117

    3 program: header declarations subprograms $@1 comp_statement $@2 T_DOT .

    $default  reduce using rule 3 (program)


State 118

   83 subprograms: subprograms . subprogram T_SEMI
   84            | subprograms . subprogram error
   89 subprogram: sub_header error declarations subprograms . comp_statement

    T_FUNCTION   shift, and go to state 20
    T_PROCEDURE  shift, and go to state 21
    T_BEGIN      shift, and go to state 34

    subprogram      go to state 23
    sub_header      go to state 24
    comp_statement  go to state 171


State 119

   83 subprograms: subprograms . subprogram T_SEMI
   84            | subprograms . subprogram error
   88 subprogram: sub_header T_SEMI declarations subprograms . comp_statement

    T_FUNCTION   shift, and go to state 20
    T_PROCEDURE  shift, and go to state 21
    T_BEGIN      shift, and go to state 34

    subprogram      go to state 23
    sub_header      go to state 24
    comp_statement  go to state 172


State 120

   52 type_def: T_ARRAY . T_LBRACK dims T_RBRACK T_OF typename
   54         | T_ARRAY . T_LBRACK dims error $@13 T_OF typename

    T_LBRACK  shift, and go to state 173


State 121

   61 limit: T_ADDOP . T_ICONST
   62      | T_ADDOP . T_ID

    T_ID      shift, and go to state 174
    T_ICONST  shift, and go to state 175


State 122

   66 limit: T_ID .

    $default  reduce using rule 66 (limit)


State 123

   63 limit: T_ICONST .

    $default  reduce using rule 63 (limit)


State 124

   65 limit: T_BCONST .

    $default  reduce using rule 65 (limit)


State 125

   64 limit: T_CCONST .

    $default  reduce using rule 64 (limit)


State 126

   55 type_def: T_LPAREN . identifiers T_RPAREN

    T_ID  shift, and go to state 43

    identifiers  go to state 176


State 127

   51 type_defs: T_ID $@12 T_EQU type_def .

    $default  reduce using rule 51 (type_defs)


State 128

   56 type_def: limit . T_DOTDOT limit

    T_DOTDOT  shift, and go to state 177


State 129

   49 type_defs: type_defs error $@10 T_ID . $@11 T_EQU type_def

    $default  reduce using rule 48 ($@11)

    $@11  go to state 178


State 130

   46 type_defs: type_defs T_SEMI T_ID $@9 . T_EQU type_def

    T_EQU  shift, and go to state 179


State 131

   79 variable_defs: variable_defs error $@14 . identifiers T_COLON typename

    T_ID  shift, and go to state 43

    identifiers  go to state 180


State 132

   77 variable_defs: variable_defs T_SEMI identifiers . T_COLON typename
   81 identifiers: identifiers . T_COMMA T_ID

    T_COMMA  shift, and go to state 91
    T_COLON  shift, and go to state 181


State 133

   81 identifiers: identifiers T_COMMA T_ID .

    $default  reduce using rule 81 (identifiers)


State 134

   69 standard_type: T_INTEGER .

    $default  reduce using rule 69 (standard_type)


State 135

   70 standard_type: T_REAL .

    $default  reduce using rule 70 (standard_type)


State 136

   71 standard_type: T_BOOLEAN .

    $default  reduce using rule 71 (standard_type)


State 137

   72 standard_type: T_CHAR .

    $default  reduce using rule 72 (standard_type)


State 138

   73 standard_type: T_STRING .

    $default  reduce using rule 73 (standard_type)


State 139

   68 typename: T_ID .

    $default  reduce using rule 68 (typename)


State 140

   80 variable_defs: identifiers T_COLON typename .

    $default  reduce using rule 80 (variable_defs)


State 141

   67 typename: standard_type .

    $default  reduce using rule 67 (typename)


State 142

   30 expression3: T_ID $@8 T_LPAREN . expressions T_RPAREN

    T_ADDOP   shift, and go to state 46
    T_NOTOP   shift, and go to state 47
    T_ID      shift, and go to state 48
    T_ICONST  shift, and go to state 49
    T_RCONST  shift, and go to state 50
    T_BCONST  shift, and go to state 51
    T_CCONST  shift, and go to state 52
    T_SCONST  shift, and go to state 53
    T_LPAREN  shift, and go to state 54

    expression   go to state 149
    expression1  go to state 56
    expression2  go to state 57
    expression3  go to state 58
    variable     go to state 59
    expressions  go to state 182
    constant     go to state 60


State 143

   32 expression3: T_LPAREN expression T_RPAREN .

    $default  reduce using rule 32 (expression3)


State 144

   18 expression: expression T_RELOP expression1 .
   21 expression1: expression1 . T_ADDOP expression2
   22            | expression1 . T_OROP expression2

    T_ADDOP  shift, and go to state 99
    T_OROP   shift, and go to state 100

    $default  reduce using rule 18 (expression)


State 145

   19 expression: expression T_EQU expression1 .
   21 expression1: expression1 . T_ADDOP expression2
   22            | expression1 . T_OROP expression2

    T_ADDOP  shift, and go to state 99
    T_OROP   shift, and go to state 100

    $default  reduce using rule 19 (expression)


State 146

   21 expression1: expression1 T_ADDOP expression2 .
   24 expression2: expression2 . T_MULDIVANDOP expression3

    T_MULDIVANDOP  shift, and go to state 101

    $default  reduce using rule 21 (expression1)


State 147

   22 expression1: expression1 T_OROP expression2 .
   24 expression2: expression2 . T_MULDIVANDOP expression3

    T_MULDIVANDOP  shift, and go to state 101

    $default  reduce using rule 22 (expression1)


State 148

   24 expression2: expression2 T_MULDIVANDOP expression3 .

    $default  reduce using rule 24 (expression2)


State 149

   18 expression: expression . T_RELOP expression1
   19           | expression . T_EQU expression1
   36 expressions: expression .

    T_RELOP  shift, and go to state 97
    T_EQU    shift, and go to state 98

    $default  reduce using rule 36 (expressions)


State 150

   34 variable: variable T_LBRACK expressions . T_RBRACK
   35 expressions: expressions . T_COMMA expression

    T_COMMA   shift, and go to state 183
    T_RBRACK  shift, and go to state 184


State 151

   15 constant_defs: constant_defs error $@5 T_ID $@6 T_EQU . expression

    T_ADDOP   shift, and go to state 46
    T_NOTOP   shift, and go to state 47
    T_ID      shift, and go to state 48
    T_ICONST  shift, and go to state 49
    T_RCONST  shift, and go to state 50
    T_BCONST  shift, and go to state 51
    T_CCONST  shift, and go to state 52
    T_SCONST  shift, and go to state 53
    T_LPAREN  shift, and go to state 54

    expression   go to state 185
    expression1  go to state 56
    expression2  go to state 57
    expression3  go to state 58
    variable     go to state 59
    constant     go to state 60


State 152

   12 constant_defs: constant_defs T_SEMI T_ID $@4 T_EQU expression .
   18 expression: expression . T_RELOP expression1
   19           | expression . T_EQU expression1

    T_RELOP  shift, and go to state 97
    T_EQU    shift, and go to state 98

    $default  reduce using rule 12 (constant_defs)


State 153

  101 pass: T_VAR .

    $default  reduce using rule 101 (pass)


State 154

   95 formal_parameters: T_LPAREN parameter_list . T_RPAREN
   97 parameter_list: parameter_list . T_SEMI pass identifiers T_COLON typename
   99               | parameter_list . error $@17 pass identifiers T_COLON typename

    error     shift, and go to state 186
    T_RPAREN  shift, and go to state 187
    T_SEMI    shift, and go to state 188


State 155

  100 parameter_list: pass . identifiers T_COLON typename

    T_ID  shift, and go to state 43

    identifiers  go to state 189


State 156

   91 sub_header: T_FUNCTION T_ID $@15 formal_parameters T_COLON . typename

    T_INTEGER  shift, and go to state 134
    T_REAL     shift, and go to state 135
    T_BOOLEAN  shift, and go to state 136
    T_CHAR     shift, and go to state 137
    T_STRING   shift, and go to state 138
    T_ID       shift, and go to state 139

    typename       go to state 190
    standard_type  go to state 141


State 157

  115 if_statement: T_IF expression T_THEN . statement if_tail

    T_BEGIN  shift, and go to state 34
    T_IF     shift, and go to state 65
    T_WHILE  shift, and go to state 66
    T_FOR    shift, and go to state 67
    T_READ   shift, and go to state 68
    T_WRITE  shift, and go to state 69
    T_ID     shift, and go to state 70

    $default  reduce using rule 113 (statement)

    variable         go to state 71
    comp_statement   go to state 72
    statement        go to state 191
    assignment       go to state 75
    if_statement     go to state 76
    while_statement  go to state 77
    for_statement    go to state 78
    subprogram_call  go to state 79
    io_statement     go to state 80


State 158

  118 while_statement: T_WHILE expression T_DO . statement

    T_BEGIN  shift, and go to state 34
    T_IF     shift, and go to state 65
    T_WHILE  shift, and go to state 66
    T_FOR    shift, and go to state 67
    T_READ   shift, and go to state 68
    T_WRITE  shift, and go to state 69
    T_ID     shift, and go to state 70

    $default  reduce using rule 113 (statement)

    variable         go to state 71
    comp_statement   go to state 72
    statement        go to state 192
    assignment       go to state 75
    if_statement     go to state 76
    while_statement  go to state 77
    for_statement    go to state 78
    subprogram_call  go to state 79
    io_statement     go to state 80


State 159

  120 for_statement: T_FOR T_ID $@18 . T_ASSIGN iter_space T_DO statement

    T_ASSIGN  shift, and go to state 193


State 160

   33 variable: T_ID .

    $default  reduce using rule 33 (variable)


State 161

   34 variable: variable . T_LBRACK expressions T_RBRACK
  131 read_item: variable .

    T_LBRACK  shift, and go to state 102

    $default  reduce using rule 131 (read_item)


State 162

  126 io_statement: T_READ T_LPAREN read_list . T_RPAREN
  129 read_list: read_list . T_COMMA read_item

    T_RPAREN  shift, and go to state 194
    T_COMMA   shift, and go to state 195


State 163

  130 read_list: read_item .

    $default  reduce using rule 130 (read_list)


State 164

  128 io_statement: T_WRITE T_LPAREN error . T_RPAREN

    T_RPAREN  shift, and go to state 196


State 165

   18 expression: expression . T_RELOP expression1
   19           | expression . T_EQU expression1
  134 write_item: expression .

    T_RELOP  shift, and go to state 97
    T_EQU    shift, and go to state 98

    $default  reduce using rule 134 (write_item)


State 166

  127 io_statement: T_WRITE T_LPAREN write_list . T_RPAREN
  132 write_list: write_list . T_COMMA write_item

    T_RPAREN  shift, and go to state 197
    T_COMMA   shift, and go to state 198


State 167

  133 write_list: write_item .

    $default  reduce using rule 133 (write_list)


State 168

  125 subprogram_call: T_ID $@19 T_LPAREN . expressions T_RPAREN

    T_ADDOP   shift, and go to state 46
    T_NOTOP   shift, and go to state 47
    T_ID      shift, and go to state 48
    T_ICONST  shift, and go to state 49
    T_RCONST  shift, and go to state 50
    T_BCONST  shift, and go to state 51
    T_CCONST  shift, and go to state 52
    T_SCONST  shift, and go to state 53
    T_LPAREN  shift, and go to state 54

    expression   go to state 149
    expression1  go to state 56
    expression2  go to state 57
    expression3  go to state 58
    variable     go to state 59
    expressions  go to state 199
    constant     go to state 60


State 169

   18 expression: expression . T_RELOP expression1
   19           | expression . T_EQU expression1
  114 assignment: variable T_ASSIGN expression .

    T_RELOP  shift, and go to state 97
    T_EQU    shift, and go to state 98

    $default  reduce using rule 114 (assignment)


State 170

  104 statements: statements T_SEMI statement .

    $default  reduce using rule 104 (statements)


State 171

   89 subprogram: sub_header error declarations subprograms comp_statement .

    $default  reduce using rule 89 (subprogram)


State 172

   88 subprogram: sub_header T_SEMI declarations subprograms comp_statement .

    $default  reduce using rule 88 (subprogram)


State 173

   52 type_def: T_ARRAY T_LBRACK . dims T_RBRACK T_OF typename
   54         | T_ARRAY T_LBRACK . dims error $@13 T_OF typename

    T_ADDOP   shift, and go to state 121
    T_ID      shift, and go to state 200
    T_ICONST  shift, and go to state 123
    T_BCONST  shift, and go to state 124
    T_CCONST  shift, and go to state 125

    dims    go to state 201
    limits  go to state 202
    limit   go to state 203


State 174

   62 limit: T_ADDOP T_ID .

    $default  reduce using rule 62 (limit)


State 175

   61 limit: T_ADDOP T_ICONST .

    $default  reduce using rule 61 (limit)


State 176

   55 type_def: T_LPAREN identifiers . T_RPAREN
   81 identifiers: identifiers . T_COMMA T_ID

    T_RPAREN  shift, and go to state 204
    T_COMMA   shift, and go to state 91


State 177

   56 type_def: limit T_DOTDOT . limit

    T_ADDOP   shift, and go to state 121
    T_ID      shift, and go to state 122
    T_ICONST  shift, and go to state 123
    T_BCONST  shift, and go to state 124
    T_CCONST  shift, and go to state 125

    limit  go to state 205


State 178

   49 type_defs: type_defs error $@10 T_ID $@11 . T_EQU type_def

    T_EQU  shift, and go to state 206


State 179

   46 type_defs: type_defs T_SEMI T_ID $@9 T_EQU . type_def

    T_ARRAY   shift, and go to state 120
    T_ADDOP   shift, and go to state 121
    T_ID      shift, and go to state 122
    T_ICONST  shift, and go to state 123
    T_BCONST  shift, and go to state 124
    T_CCONST  shift, and go to state 125
    T_LPAREN  shift, and go to state 126

    type_def  go to state 207
    limit     go to state 128


State 180

   79 variable_defs: variable_defs error $@14 identifiers . T_COLON typename
   81 identifiers: identifiers . T_COMMA T_ID

    T_COMMA  shift, and go to state 91
    T_COLON  shift, and go to state 208


State 181

   77 variable_defs: variable_defs T_SEMI identifiers T_COLON . typename

    T_INTEGER  shift, and go to state 134
    T_REAL     shift, and go to state 135
    T_BOOLEAN  shift, and go to state 136
    T_CHAR     shift, and go to state 137
    T_STRING   shift, and go to state 138
    T_ID       shift, and go to state 139

    typename       go to state 209
    standard_type  go to state 141


State 182

   30 expression3: T_ID $@8 T_LPAREN expressions . T_RPAREN
   35 expressions: expressions . T_COMMA expression

    T_RPAREN  shift, and go to state 210
    T_COMMA   shift, and go to state 183


State 183

   35 expressions: expressions T_COMMA . expression

    T_ADDOP   shift, and go to state 46
    T_NOTOP   shift, and go to state 47
    T_ID      shift, and go to state 48
    T_ICONST  shift, and go to state 49
    T_RCONST  shift, and go to state 50
    T_BCONST  shift, and go to state 51
    T_CCONST  shift, and go to state 52
    T_SCONST  shift, and go to state 53
    T_LPAREN  shift, and go to state 54

    expression   go to state 211
    expression1  go to state 56
    expression2  go to state 57
    expression3  go to state 58
    variable     go to state 59
    constant     go to state 60


State 184

   34 variable: variable T_LBRACK expressions T_RBRACK .

    $default  reduce using rule 34 (variable)


State 185

   15 constant_defs: constant_defs error $@5 T_ID $@6 T_EQU expression .
   18 expression: expression . T_RELOP expression1
   19           | expression . T_EQU expression1

    T_RELOP  shift, and go to state 97
    T_EQU    shift, and go to state 98

    $default  reduce using rule 15 (constant_defs)


State 186

   99 parameter_list: parameter_list error . $@17 pass identifiers T_COLON typename

    $default  reduce using rule 98 ($@17)

    $@17  go to state 212


State 187

   95 formal_parameters: T_LPAREN parameter_list T_RPAREN .

    $default  reduce using rule 95 (formal_parameters)


State 188

   97 parameter_list: parameter_list T_SEMI . pass identifiers T_COLON typename

    T_VAR  shift, and go to state 153

    $default  reduce using rule 102 (pass)

    pass  go to state 213


State 189

   81 identifiers: identifiers . T_COMMA T_ID
  100 parameter_list: pass identifiers . T_COLON typename

    T_COMMA  shift, and go to state 91
    T_COLON  shift, and go to state 214


State 190

   91 sub_header: T_FUNCTION T_ID $@15 formal_parameters T_COLON typename .

    $default  reduce using rule 91 (sub_header)


State 191

  115 if_statement: T_IF expression T_THEN statement . if_tail

    T_ELSE  shift, and go to state 215

    $default  reduce using rule 117 (if_tail)

    if_tail  go to state 216


State 192

  118 while_statement: T_WHILE expression T_DO statement .

    $default  reduce using rule 118 (while_statement)


State 193

  120 for_statement: T_FOR T_ID $@18 T_ASSIGN . iter_space T_DO statement

    T_ADDOP   shift, and go to state 46
    T_NOTOP   shift, and go to state 47
    T_ID      shift, and go to state 48
    T_ICONST  shift, and go to state 49
    T_RCONST  shift, and go to state 50
    T_BCONST  shift, and go to state 51
    T_CCONST  shift, and go to state 52
    T_SCONST  shift, and go to state 53
    T_LPAREN  shift, and go to state 54

    expression   go to state 217
    expression1  go to state 56
    expression2  go to state 57
    expression3  go to state 58
    variable     go to state 59
    constant     go to state 60
    iter_space   go to state 218


State 194

  126 io_statement: T_READ T_LPAREN read_list T_RPAREN .

    $default  reduce using rule 126 (io_statement)


State 195

  129 read_list: read_list T_COMMA . read_item

    T_ID  shift, and go to state 160

    variable   go to state 161
    read_item  go to state 219


State 196

  128 io_statement: T_WRITE T_LPAREN error T_RPAREN .

    $default  reduce using rule 128 (io_statement)


State 197

  127 io_statement: T_WRITE T_LPAREN write_list T_RPAREN .

    $default  reduce using rule 127 (io_statement)


State 198

  132 write_list: write_list T_COMMA . write_item

    T_ADDOP   shift, and go to state 46
    T_NOTOP   shift, and go to state 47
    T_ID      shift, and go to state 48
    T_ICONST  shift, and go to state 49
    T_RCONST  shift, and go to state 50
    T_BCONST  shift, and go to state 51
    T_CCONST  shift, and go to state 52
    T_SCONST  shift, and go to state 53
    T_LPAREN  shift, and go to state 54

    expression   go to state 165
    expression1  go to state 56
    expression2  go to state 57
    expression3  go to state 58
    variable     go to state 59
    constant     go to state 60
    write_item   go to state 220


State 199

   35 expressions: expressions . T_COMMA expression
  125 subprogram_call: T_ID $@19 T_LPAREN expressions . T_RPAREN

    T_RPAREN  shift, and go to state 221
    T_COMMA   shift, and go to state 183


State 200

   60 limits: T_ID .
   66 limit: T_ID .

    T_DOTDOT  reduce using rule 66 (limit)
    $default  reduce using rule 60 (limits)


State 201

   52 type_def: T_ARRAY T_LBRACK dims . T_RBRACK T_OF typename
   54         | T_ARRAY T_LBRACK dims . error $@13 T_OF typename
   57 dims: dims . T_COMMA limits

    error     shift, and go to state 222
    T_COMMA   shift, and go to state 223
    T_RBRACK  shift, and go to state 224


State 202

   58 dims: limits .

    $default  reduce using rule 58 (dims)


State 203

   59 limits: limit . T_DOTDOT limit

    T_DOTDOT  shift, and go to state 225


State 204

   55 type_def: T_LPAREN identifiers T_RPAREN .

    $default  reduce using rule 55 (type_def)


State 205

   56 type_def: limit T_DOTDOT limit .

    $default  reduce using rule 56 (type_def)


State 206

   49 type_defs: type_defs error $@10 T_ID $@11 T_EQU . type_def

    T_ARRAY   shift, and go to state 120
    T_ADDOP   shift, and go to state 121
    T_ID      shift, and go to state 122
    T_ICONST  shift, and go to state 123
    T_BCONST  shift, and go to state 124
    T_CCONST  shift, and go to state 125
    T_LPAREN  shift, and go to state 126

    type_def  go to state 226
    limit     go to state 128


State 207

   46 type_defs: type_defs T_SEMI T_ID $@9 T_EQU type_def .

    $default  reduce using rule 46 (type_defs)


State 208

   79 variable_defs: variable_defs error $@14 identifiers T_COLON . typename

    T_INTEGER  shift, and go to state 134
    T_REAL     shift, and go to state 135
    T_BOOLEAN  shift, and go to state 136
    T_CHAR     shift, and go to state 137
    T_STRING   shift, and go to state 138
    T_ID       shift, and go to state 139

    typename       go to state 227
    standard_type  go to state 141


State 209

   77 variable_defs: variable_defs T_SEMI identifiers T_COLON typename .

    $default  reduce using rule 77 (variable_defs)


State 210

   30 expression3: T_ID $@8 T_LPAREN expressions T_RPAREN .

    $default  reduce using rule 30 (expression3)


State 211

   18 expression: expression . T_RELOP expression1
   19           | expression . T_EQU expression1
   35 expressions: expressions T_COMMA expression .

    T_RELOP  shift, and go to state 97
    T_EQU    shift, and go to state 98

    $default  reduce using rule 35 (expressions)


State 212

   99 parameter_list: parameter_list error $@17 . pass identifiers T_COLON typename

    T_VAR  shift, and go to state 153

    $default  reduce using rule 102 (pass)

    pass  go to state 228


State 213

   97 parameter_list: parameter_list T_SEMI pass . identifiers T_COLON typename

    T_ID  shift, and go to state 43

    identifiers  go to state 229


State 214

  100 parameter_list: pass identifiers T_COLON . typename

    T_INTEGER  shift, and go to state 134
    T_REAL     shift, and go to state 135
    T_BOOLEAN  shift, and go to state 136
    T_CHAR     shift, and go to state 137
    T_STRING   shift, and go to state 138
    T_ID       shift, and go to state 139

    typename       go to state 230
    standard_type  go to state 141


State 215

  116 if_tail: T_ELSE . statement

    T_BEGIN  shift, and go to state 34
    T_IF     shift, and go to state 65
    T_WHILE  shift, and go to state 66
    T_FOR    shift, and go to state 67
    T_READ   shift, and go to state 68
    T_WRITE  shift, and go to state 69
    T_ID     shift, and go to state 70

    $default  reduce using rule 113 (statement)

    variable         go to state 71
    comp_statement   go to state 72
    statement        go to state 231
    assignment       go to state 75
    if_statement     go to state 76
    while_statement  go to state 77
    for_statement    go to state 78
    subprogram_call  go to state 79
    io_statement     go to state 80


State 216

  115 if_statement: T_IF expression T_THEN statement if_tail .

    $default  reduce using rule 115 (if_statement)


State 217

   18 expression: expression . T_RELOP expression1
   19           | expression . T_EQU expression1
  121 iter_space: expression . T_TO expression
  122           | expression . T_DOWNTO expression

    T_DOWNTO  shift, and go to state 232
    T_TO      shift, and go to state 233
    T_RELOP   shift, and go to state 97
    T_EQU     shift, and go to state 98


State 218

  120 for_statement: T_FOR T_ID $@18 T_ASSIGN iter_space . T_DO statement

    T_DO  shift, and go to state 234


State 219

  129 read_list: read_list T_COMMA read_item .

    $default  reduce using rule 129 (read_list)


State 220

  132 write_list: write_list T_COMMA write_item .

    $default  reduce using rule 132 (write_list)


State 221

  125 subprogram_call: T_ID $@19 T_LPAREN expressions T_RPAREN .

    $default  reduce using rule 125 (subprogram_call)


State 222

   54 type_def: T_ARRAY T_LBRACK dims error . $@13 T_OF typename

    $default  reduce using rule 53 ($@13)

    $@13  go to state 235


State 223

   57 dims: dims T_COMMA . limits

    T_ADDOP   shift, and go to state 121
    T_ID      shift, and go to state 200
    T_ICONST  shift, and go to state 123
    T_BCONST  shift, and go to state 124
    T_CCONST  shift, and go to state 125

    limits  go to state 236
    limit   go to state 203


State 224

   52 type_def: T_ARRAY T_LBRACK dims T_RBRACK . T_OF typename

    T_OF  shift, and go to state 237


State 225

   59 limits: limit T_DOTDOT . limit

    T_ADDOP   shift, and go to state 121
    T_ID      shift, and go to state 122
    T_ICONST  shift, and go to state 123
    T_BCONST  shift, and go to state 124
    T_CCONST  shift, and go to state 125

    limit  go to state 238


State 226

   49 type_defs: type_defs error $@10 T_ID $@11 T_EQU type_def .

    $default  reduce using rule 49 (type_defs)


State 227

   79 variable_defs: variable_defs error $@14 identifiers T_COLON typename .

    $default  reduce using rule 79 (variable_defs)


State 228

   99 parameter_list: parameter_list error $@17 pass . identifiers T_COLON typename

    T_ID  shift, and go to state 43

    identifiers  go to state 239


State 229

   81 identifiers: identifiers . T_COMMA T_ID
   97 parameter_list: parameter_list T_SEMI pass identifiers . T_COLON typename

    T_COMMA  shift, and go to state 91
    T_COLON  shift, and go to state 240


State 230

  100 parameter_list: pass identifiers T_COLON typename .

    $default  reduce using rule 100 (parameter_list)


State 231

  116 if_tail: T_ELSE statement .

    $default  reduce using rule 116 (if_tail)


State 232

  122 iter_space: expression T_DOWNTO . expression

    T_ADDOP   shift, and go to state 46
    T_NOTOP   shift, and go to state 47
    T_ID      shift, and go to state 48
    T_ICONST  shift, and go to state 49
    T_RCONST  shift, and go to state 50
    T_BCONST  shift, and go to state 51
    T_CCONST  shift, and go to state 52
    T_SCONST  shift, and go to state 53
    T_LPAREN  shift, and go to state 54

    expression   go to state 241
    expression1  go to state 56
    expression2  go to state 57
    expression3  go to state 58
    variable     go to state 59
    constant     go to state 60


State 233

  121 iter_space: expression T_TO . expression

    T_ADDOP   shift, and go to state 46
    T_NOTOP   shift, and go to state 47
    T_ID      shift, and go to state 48
    T_ICONST  shift, and go to state 49
    T_RCONST  shift, and go to state 50
    T_BCONST  shift, and go to state 51
    T_CCONST  shift, and go to state 52
    T_SCONST  shift, and go to state 53
    T_LPAREN  shift, and go to state 54

    expression   go to state 242
    expression1  go to state 56
    expression2  go to state 57
    expression3  go to state 58
    variable     go to state 59
    constant     go to state 60


State 234

  120 for_statement: T_FOR T_ID $@18 T_ASSIGN iter_space T_DO . statement

    T_BEGIN  shift, and go to state 34
    T_IF     shift, and go to state 65
    T_WHILE  shift, and go to state 66
    T_FOR    shift, and go to state 67
    T_READ   shift, and go to state 68
    T_WRITE  shift, and go to state 69
    T_ID     shift, and go to state 70

    $default  reduce using rule 113 (statement)

    variable         go to state 71
    comp_statement   go to state 72
    statement        go to state 243
    assignment       go to state 75
    if_statement     go to state 76
    while_statement  go to state 77
    for_statement    go to state 78
    subprogram_call  go to state 79
    io_statement     go to state 80


State 235

   54 type_def: T_ARRAY T_LBRACK dims error $@13 . T_OF typename

    T_OF  shift, and go to state 244


State 236

   57 dims: dims T_COMMA limits .

    $default  reduce using rule 57 (dims)


State 237

   52 type_def: T_ARRAY T_LBRACK dims T_RBRACK T_OF . typename

    T_INTEGER  shift, and go to state 134
    T_REAL     shift, and go to state 135
    T_BOOLEAN  shift, and go to state 136
    T_CHAR     shift, and go to state 137
    T_STRING   shift, and go to state 138
    T_ID       shift, and go to state 139

    typename       go to state 245
    standard_type  go to state 141


State 238

   59 limits: limit T_DOTDOT limit .

    $default  reduce using rule 59 (limits)


State 239

   81 identifiers: identifiers . T_COMMA T_ID
   99 parameter_list: parameter_list error $@17 pass identifiers . T_COLON typename

    T_COMMA  shift, and go to state 91
    T_COLON  shift, and go to state 246


State 240

   97 parameter_list: parameter_list T_SEMI pass identifiers T_COLON . typename

    T_INTEGER  shift, and go to state 134
    T_REAL     shift, and go to state 135
    T_BOOLEAN  shift, and go to state 136
    T_CHAR     shift, and go to state 137
    T_STRING   shift, and go to state 138
    T_ID       shift, and go to state 139

    typename       go to state 247
    standard_type  go to state 141


State 241

   18 expression: expression . T_RELOP expression1
   19           | expression . T_EQU expression1
  122 iter_space: expression T_DOWNTO expression .

    T_RELOP  shift, and go to state 97
    T_EQU    shift, and go to state 98

    $default  reduce using rule 122 (iter_space)


State 242

   18 expression: expression . T_RELOP expression1
   19           | expression . T_EQU expression1
  121 iter_space: expression T_TO expression .

    T_RELOP  shift, and go to state 97
    T_EQU    shift, and go to state 98

    $default  reduce using rule 121 (iter_space)


State 243

  120 for_statement: T_FOR T_ID $@18 T_ASSIGN iter_space T_DO statement .

    $default  reduce using rule 120 (for_statement)


State 244

   54 type_def: T_ARRAY T_LBRACK dims error $@13 T_OF . typename

    T_INTEGER  shift, and go to state 134
    T_REAL     shift, and go to state 135
    T_BOOLEAN  shift, and go to state 136
    T_CHAR     shift, and go to state 137
    T_STRING   shift, and go to state 138
    T_ID       shift, and go to state 139

    typename       go to state 248
    standard_type  go to state 141


State 245

   52 type_def: T_ARRAY T_LBRACK dims T_RBRACK T_OF typename .

    $default  reduce using rule 52 (type_def)


State 246

   99 parameter_list: parameter_list error $@17 pass identifiers T_COLON . typename

    T_INTEGER  shift, and go to state 134
    T_REAL     shift, and go to state 135
    T_BOOLEAN  shift, and go to state 136
    T_CHAR     shift, and go to state 137
    T_STRING   shift, and go to state 138
    T_ID       shift, and go to state 139

    typename       go to state 249
    standard_type  go to state 141


State 247

   97 parameter_list: parameter_list T_SEMI pass identifiers T_COLON typename .

    $default  reduce using rule 97 (parameter_list)


State 248

   54 type_def: T_ARRAY T_LBRACK dims error $@13 T_OF typename .

    $default  reduce using rule 54 (type_def)


State 249

   99 parameter_list: parameter_list error $@17 pass identifiers T_COLON typename .

    $default  reduce using rule 99 (parameter_list)
